#-----------------------------------------------------------
# Vivado v2018.3 (64-bit)
# SW Build 2405991 on Thu Dec  6 23:38:27 MST 2018
# IP Build 2404404 on Fri Dec  7 01:43:56 MST 2018
# Start of session at: Mon Oct 24 17:49:35 2022
# Process ID: 2608
# Current directory: C:/Users/yigit/Desktop/Okul/2022 güz/Sayýsal sistem tasarým uygulamalarý/sstu_odevler/Experiment1/sstu_odev1
# Command line: vivado.exe -gui_launcher_event rodinguilauncherevent12544 C:\Users\yigit\Desktop\Okul\2022 güz\Sayýsal sistem tasarým uygulamalarý\sstu_odevler\Experiment1\sstu_odev1\sstu_odev1.xpr
# Log file: C:/Users/yigit/Desktop/Okul/2022 güz/Sayýsal sistem tasarým uygulamalarý/sstu_odevler/Experiment1/sstu_odev1/vivado.log
# Journal file: C:/Users/yigit/Desktop/Okul/2022 güz/Sayýsal sistem tasarým uygulamalarý/sstu_odevler/Experiment1/sstu_odev1\vivado.jou
#-----------------------------------------------------------
start_gui
open_project {C:/Users/yigit/Desktop/Okul/2022 güz/Sayýsal sistem tasarým uygulamalarý/sstu_odevler/Experiment1/sstu_odev1/sstu_odev1.xpr}
INFO: [ProjectBase 1-489] The host OS only allows 260 characters in a normal path. The project is stored in a path with more than 80 characters. If you experience issues with IP, Block Designs, or files not being found, please consider moving the project to a location with a shorter path. Alternately consider using the OS subst command to map part of the path to a drive letter.
Current project path is 'C:/Users/yigit/Desktop/Okul/2022 güz/Sayýsal sistem tasarým uygulamalarý/sstu_odevler/Experiment1/sstu_odev1'
INFO: [Project 1-313] Project file moved from 'C:/Users/yigit/Desktop/Okul/2022 güz/Sayýsal sistem tasarým uygulamalarý/sstu_odevler/sstu_odev1' since last save.
Scanning sources...
Finished scanning sources
INFO: [IP_Flow 19-234] Refreshing IP repositories
INFO: [IP_Flow 19-1704] No user IP repositories specified
INFO: [IP_Flow 19-2313] Loaded Vivado IP repository 'D:/Xilinx/Vivado/2018.3/data/ip'.
update_compile_order -fileset sources_1
set_property needs_refresh false [get_runs synth_1]
set_property needs_refresh false [get_runs impl_1]
exit
INFO: [Common 17-206] Exiting Vivado at Mon Oct 24 20:18:37 2022...
